<?xml version="1.0" encoding="UTF-8"?>
<!-- Generated by org.testng.reporters.JUnitReportReporter -->
<testsuite hostname="MAC-AZR-199" failures="0" tests="4" name="api.test.UserTestsProp" time="6.814" errors="0" timestamp="2025-02-05T18:43:06 IST" skipped="0">
  <testcase classname="api.test.UserTestsProp" name="testPostUser" time="1.390"/>
  <testcase classname="api.test.UserTestsProp" name="testGetUserByName" time="1.374"/>
  <testcase classname="api.test.UserTestsProp" name="testUpdateUserByName" time="2.720"/>
  <testcase classname="api.test.UserTestsProp" name="deleteUserByName" time="1.330"/>
</testsuite> <!-- api.test.UserTestsProp -->
