<?xml version="1.0" encoding="UTF-8"?>
<!-- Generated by org.testng.reporters.JUnitReportReporter -->
<testsuite hostname="MAC-AZR-199" failures="0" tests="6" name="api.test.UserTestsDDT" time="8.071" errors="0" timestamp="2025-02-05T18:43:06 IST" skipped="0">
  <testcase classname="api.test.UserTestsDDT" name="testPostUser" time="1.342"/>
  <testcase classname="api.test.UserTestsDDT" name="testPostUser" time="1.351"/>
  <testcase classname="api.test.UserTestsDDT" name="testPostUser" time="1.388"/>
  <testcase classname="api.test.UserTestsDDT" name="testDeleteUserByName" time="1.329"/>
  <testcase classname="api.test.UserTestsDDT" name="testDeleteUserByName" time="1.344"/>
  <testcase classname="api.test.UserTestsDDT" name="testDeleteUserByName" time="1.317"/>
</testsuite> <!-- api.test.UserTestsDDT -->
