<?xml version="1.0" encoding="UTF-8"?>
<!-- Generated by org.testng.reporters.JUnitReportReporter -->
<testsuite hostname="MAC-AZR-199" failures="0" tests="4" name="api.test.UserTests" time="11.518" errors="0" timestamp="2025-02-05T18:43:06 IST" skipped="0">
  <testcase classname="api.test.UserTests" name="testPostUser" time="6.053"/>
  <testcase classname="api.test.UserTests" name="testGetUserByName" time="1.428"/>
  <testcase classname="api.test.UserTests" name="testUpdateUserByName" time="2.675"/>
  <testcase classname="api.test.UserTests" name="deleteUserByName" time="1.362"/>
</testsuite> <!-- api.test.UserTests -->
