<?xml version="1.0" encoding="UTF-8"?>
<!-- Generated by org.testng.reporters.JUnitReportReporter -->
<testsuite hostname="MAC-AZR-199" failures="0" tests="4" name="api.test.UserTestsProp" time="6.785" errors="0" timestamp="2025-02-06T13:31:24 IST" skipped="0">
  <testcase classname="api.test.UserTestsProp" name="testPostUser" time="1.358"/>
  <testcase classname="api.test.UserTestsProp" name="testGetUserByName" time="1.373"/>
  <testcase classname="api.test.UserTestsProp" name="testUpdateUserByName" time="2.730"/>
  <testcase classname="api.test.UserTestsProp" name="deleteUserByName" time="1.324"/>
</testsuite> <!-- api.test.UserTestsProp -->
