<?xml version="1.0" encoding="UTF-8"?>
<!-- Generated by org.testng.reporters.JUnitReportReporter -->
<testsuite hostname="MAC-AZR-199" failures="0" tests="6" name="api.test.UserTestsDDT" time="8.047" errors="0" timestamp="2025-02-06T13:31:24 IST" skipped="0">
  <testcase classname="api.test.UserTestsDDT" name="testPostUser" time="1.308"/>
  <testcase classname="api.test.UserTestsDDT" name="testPostUser" time="1.341"/>
  <testcase classname="api.test.UserTestsDDT" name="testPostUser" time="1.361"/>
  <testcase classname="api.test.UserTestsDDT" name="testDeleteUserByName" time="1.320"/>
  <testcase classname="api.test.UserTestsDDT" name="testDeleteUserByName" time="1.341"/>
  <testcase classname="api.test.UserTestsDDT" name="testDeleteUserByName" time="1.376"/>
</testsuite> <!-- api.test.UserTestsDDT -->
