<?xml version="1.0" encoding="UTF-8"?>
<!-- Generated by org.testng.reporters.JUnitReportReporter -->
<testsuite hostname="MAC-AZR-199" failures="0" tests="6" name="api.test.UserTestsDDT" time="8.688" errors="0" timestamp="2025-02-10T17:24:15 IST" skipped="0">
  <testcase classname="api.test.UserTestsDDT" name="testPostUser" time="1.471"/>
  <testcase classname="api.test.UserTestsDDT" name="testPostUser" time="1.422"/>
  <testcase classname="api.test.UserTestsDDT" name="testPostUser" time="1.455"/>
  <testcase classname="api.test.UserTestsDDT" name="testDeleteUserByName" time="1.452"/>
  <testcase classname="api.test.UserTestsDDT" name="testDeleteUserByName" time="1.427"/>
  <testcase classname="api.test.UserTestsDDT" name="testDeleteUserByName" time="1.461"/>
</testsuite> <!-- api.test.UserTestsDDT -->
