<?xml version="1.0" encoding="UTF-8"?>
<!-- Generated by org.testng.reporters.JUnitReportReporter -->
<testsuite hostname="MAC-AZR-199" failures="0" tests="4" name="api.test.UserTests" time="10.395" errors="0" timestamp="2025-02-06T13:31:24 IST" skipped="0">
  <testcase classname="api.test.UserTests" name="testPostUser" time="4.920"/>
  <testcase classname="api.test.UserTests" name="testGetUserByName" time="1.458"/>
  <testcase classname="api.test.UserTests" name="testUpdateUserByName" time="2.709"/>
  <testcase classname="api.test.UserTests" name="deleteUserByName" time="1.308"/>
</testsuite> <!-- api.test.UserTests -->
