<?xml version="1.0" encoding="UTF-8"?>
<!-- Generated by org.testng.reporters.JUnitReportReporter -->
<testsuite hostname="MAC-AZR-199" failures="0" tests="4" name="api.test.UserTestsProp" time="6.970" errors="0" timestamp="2025-02-10T17:24:15 IST" skipped="0">
  <testcase classname="api.test.UserTestsProp" name="testPostUser" time="1.461"/>
  <testcase classname="api.test.UserTestsProp" name="testGetUserByName" time="1.349"/>
  <testcase classname="api.test.UserTestsProp" name="testUpdateUserByName" time="2.786"/>
  <testcase classname="api.test.UserTestsProp" name="deleteUserByName" time="1.374"/>
</testsuite> <!-- api.test.UserTestsProp -->
